[2025-08-18 08:12:20,369: INFO: __init__: Data Ingestion Started]
[2025-08-18 08:12:22,676: ERROR: multi: 1 Failed download:]
[2025-08-18 08:12:22,676: ERROR: multi: ['HUM']: ValueError("time data '01-01-2025' does not match format '%Y-%m-%d'")]
[2025-08-18 08:12:22,679: INFO: __init__: Data Ingestion Ended]
[2025-08-18 08:12:56,817: INFO: __init__: Data Ingestion Started]
[2025-08-18 08:12:57,706: INFO: __init__: Data Ingestion Ended]
[2025-08-18 08:14:19,232: INFO: __init__: Data Ingestion Started]
[2025-08-18 08:14:21,212: INFO: __init__: Data Ingestion Ended Successfully]
[2025-08-18 08:25:08,330: INFO: __init__: Data Ingestion Started]
[2025-08-18 08:25:08,986: INFO: __init__: Data Ingestion Ended Successfully]
[2025-08-18 08:25:08,986: INFO: __init__: Data Preprocessing Started]
[2025-08-18 08:25:08,986: INFO: __init__: Data Preprocessing Ended Successfully]
[2025-08-18 08:26:03,961: INFO: __init__: Data Ingestion Started]
[2025-08-18 08:26:04,718: INFO: __init__: Data Ingestion Ended Successfully]
[2025-08-18 08:26:04,718: INFO: __init__: Data Preprocessing Started]
[2025-08-18 08:26:04,718: INFO: __init__: Data Preprocessing Ended Successfully]
[2025-08-19 07:17:46,163: INFO: __init__: Data Ingestion Started]
[2025-08-19 07:17:55,592: INFO: __init__: Data Ingestion Ended Successfully]
[2025-08-19 07:17:55,592: INFO: __init__: Data Preprocessing Started]
[2025-08-19 07:17:55,594: INFO: __init__: Data Preprocessing Ended Successfully]
[2025-08-19 07:23:54,933: INFO: __init__: Data Ingestion Started]
[2025-08-19 07:23:56,887: INFO: __init__: Data Ingestion Ended Successfully]
[2025-08-19 07:23:56,889: INFO: __init__: Data Preprocessing Started]
[2025-08-19 07:23:56,893: INFO: __init__: Data Preprocessing Ended Successfully]
[2025-08-19 07:23:56,893: INFO: __init__: Data Presentation Begins]
[2025-08-19 07:23:57,326: INFO: __init__: Data Presentation Completed]
[2025-08-19 07:27:16,207: INFO: __init__: Data Ingestion Started]
[2025-08-19 07:27:18,314: INFO: __init__: Data Ingestion Ended Successfully]
[2025-08-19 07:27:18,314: INFO: __init__: Data Preprocessing Started]
[2025-08-19 07:27:18,314: INFO: __init__: Data Preprocessing Ended Successfully]
[2025-08-19 07:27:18,314: INFO: __init__: Data Presentation Begins]
[2025-08-19 07:27:18,433: INFO: __init__: Data Presentation Completed]
[2025-08-19 07:29:27,299: INFO: __init__: Data Ingestion Started]
[2025-08-19 07:29:28,299: INFO: __init__: Data Ingestion Ended Successfully]
[2025-08-19 07:29:28,300: INFO: __init__: Data Preprocessing Started]
[2025-08-19 07:29:28,304: INFO: __init__: Data Preprocessing Ended Successfully]
[2025-08-19 07:29:28,314: INFO: __init__: Data Presentation Begins]
[2025-08-19 07:29:28,388: INFO: __init__: Data Presentation Completed]
[2025-08-19 07:29:40,460: INFO: __init__: Data Ingestion Started]
[2025-08-19 07:29:41,017: INFO: __init__: Data Ingestion Ended Successfully]
[2025-08-19 07:29:41,018: INFO: __init__: Data Preprocessing Started]
[2025-08-19 07:29:41,019: INFO: __init__: Data Preprocessing Ended Successfully]
[2025-08-19 07:29:41,019: INFO: __init__: Data Presentation Begins]
[2025-08-19 07:29:41,028: INFO: __init__: Data Presentation Completed]
[2025-08-19 07:29:45,498: INFO: __init__: Data Ingestion Started]
[2025-08-19 07:29:45,537: INFO: __init__: Data Ingestion Ended Successfully]
[2025-08-19 07:29:45,537: INFO: __init__: Data Preprocessing Started]
[2025-08-19 07:29:45,539: INFO: __init__: Data Preprocessing Ended Successfully]
[2025-08-19 07:29:45,540: INFO: __init__: Data Presentation Begins]
[2025-08-19 07:29:45,548: INFO: __init__: Data Presentation Completed]
[2025-08-19 07:29:46,721: INFO: __init__: Data Ingestion Started]
[2025-08-19 07:29:46,771: INFO: __init__: Data Ingestion Ended Successfully]
[2025-08-19 07:29:46,771: INFO: __init__: Data Preprocessing Started]
[2025-08-19 07:29:46,771: INFO: __init__: Data Preprocessing Ended Successfully]
[2025-08-19 07:29:46,771: INFO: __init__: Data Presentation Begins]
[2025-08-19 07:29:46,779: INFO: __init__: Data Presentation Completed]
[2025-08-19 07:29:47,351: INFO: __init__: Data Ingestion Started]
[2025-08-19 07:29:47,391: INFO: __init__: Data Ingestion Ended Successfully]
[2025-08-19 07:29:47,391: INFO: __init__: Data Preprocessing Started]
[2025-08-19 07:29:47,394: INFO: __init__: Data Preprocessing Ended Successfully]
[2025-08-19 07:29:47,408: INFO: __init__: Data Presentation Begins]
[2025-08-19 07:29:47,420: INFO: __init__: Data Presentation Completed]
[2025-08-19 07:30:13,255: INFO: __init__: Data Ingestion Started]
[2025-08-19 07:30:13,291: INFO: __init__: Data Ingestion Ended Successfully]
[2025-08-19 07:30:13,292: INFO: __init__: Data Preprocessing Started]
[2025-08-19 07:30:13,294: INFO: __init__: Data Preprocessing Ended Successfully]
[2025-08-19 07:30:13,294: INFO: __init__: Data Presentation Begins]
[2025-08-19 07:30:13,299: INFO: __init__: Data Presentation Completed]
[2025-08-19 07:30:14,506: INFO: __init__: Data Ingestion Started]
[2025-08-19 07:30:14,541: INFO: __init__: Data Ingestion Ended Successfully]
[2025-08-19 07:30:14,542: INFO: __init__: Data Preprocessing Started]
[2025-08-19 07:30:14,544: INFO: __init__: Data Preprocessing Ended Successfully]
[2025-08-19 07:30:14,544: INFO: __init__: Data Presentation Begins]
[2025-08-19 07:30:14,552: INFO: __init__: Data Presentation Completed]
[2025-08-19 07:30:16,796: INFO: __init__: Data Ingestion Started]
[2025-08-19 07:30:16,846: INFO: __init__: Data Ingestion Ended Successfully]
[2025-08-19 07:30:16,852: INFO: __init__: Data Preprocessing Started]
[2025-08-19 07:30:16,858: INFO: __init__: Data Preprocessing Ended Successfully]
[2025-08-19 07:30:16,860: INFO: __init__: Data Presentation Begins]
[2025-08-19 07:30:16,870: INFO: __init__: Data Presentation Completed]
[2025-08-19 07:30:17,840: INFO: __init__: Data Ingestion Started]
[2025-08-19 07:30:17,884: INFO: __init__: Data Ingestion Ended Successfully]
[2025-08-19 07:30:17,884: INFO: __init__: Data Preprocessing Started]
[2025-08-19 07:30:17,884: INFO: __init__: Data Preprocessing Ended Successfully]
[2025-08-19 07:30:17,890: INFO: __init__: Data Presentation Begins]
[2025-08-19 07:30:17,895: INFO: __init__: Data Presentation Completed]
[2025-08-19 07:33:03,177: INFO: __init__: Data Ingestion Started]
[2025-08-19 07:33:03,986: INFO: __init__: Data Ingestion Ended Successfully]
[2025-08-19 07:33:03,986: INFO: __init__: Data Preprocessing Started]
[2025-08-19 07:33:03,996: INFO: __init__: Data Preprocessing Ended Successfully]
[2025-08-19 07:33:03,998: INFO: __init__: Data Presentation Begins]
[2025-08-19 07:33:04,091: INFO: __init__: Data Presentation Completed]
[2025-08-19 07:33:10,479: INFO: __init__: Data Ingestion Started]
[2025-08-19 07:33:10,797: INFO: __init__: Data Ingestion Ended Successfully]
[2025-08-19 07:33:10,805: INFO: __init__: Data Preprocessing Started]
[2025-08-19 07:33:10,812: INFO: __init__: Data Preprocessing Ended Successfully]
[2025-08-19 07:33:10,818: INFO: __init__: Data Presentation Begins]
[2025-08-19 07:33:10,851: INFO: __init__: Data Presentation Completed]
[2025-08-19 07:33:24,073: INFO: __init__: Data Ingestion Started]
[2025-08-19 07:33:24,416: INFO: __init__: Data Ingestion Ended Successfully]
[2025-08-19 07:33:24,417: INFO: __init__: Data Preprocessing Started]
[2025-08-19 07:33:24,417: INFO: __init__: Data Preprocessing Ended Successfully]
[2025-08-19 07:33:24,417: INFO: __init__: Data Presentation Begins]
[2025-08-19 07:33:24,437: INFO: __init__: Data Presentation Completed]
[2025-08-19 07:33:30,678: INFO: __init__: Data Ingestion Started]
[2025-08-19 07:33:31,184: INFO: __init__: Data Ingestion Ended Successfully]
[2025-08-19 07:33:31,184: INFO: __init__: Data Preprocessing Started]
[2025-08-19 07:33:31,186: INFO: __init__: Data Preprocessing Ended Successfully]
[2025-08-19 07:33:31,187: INFO: __init__: Data Presentation Begins]
[2025-08-19 07:33:31,200: INFO: __init__: Data Presentation Completed]
[2025-08-19 07:33:34,103: INFO: __init__: Data Ingestion Started]
[2025-08-19 07:33:34,148: INFO: __init__: Data Ingestion Ended Successfully]
[2025-08-19 07:33:34,148: INFO: __init__: Data Preprocessing Started]
[2025-08-19 07:33:34,151: INFO: __init__: Data Preprocessing Ended Successfully]
[2025-08-19 07:33:34,151: INFO: __init__: Data Presentation Begins]
[2025-08-19 07:33:34,164: INFO: __init__: Data Presentation Completed]
[2025-08-19 07:33:52,870: INFO: __init__: Data Ingestion Started]
[2025-08-19 07:33:53,095: ERROR: multi: 
1 Failed download:]
[2025-08-19 07:33:53,095: ERROR: multi: ['APPL']: YFPricesMissingError('possibly delisted; no price data found  (1d 2020-01-01 -> 2025-08-19)')]
[2025-08-19 07:33:53,095: INFO: __init__: Data Ingestion Ended Successfully]
[2025-08-19 07:33:53,095: INFO: __init__: Data Preprocessing Started]
[2025-08-19 07:33:56,335: INFO: __init__: Data Ingestion Started]
[2025-08-19 07:33:56,621: ERROR: multi: 
1 Failed download:]
[2025-08-19 07:33:56,621: ERROR: multi: ['APPL']: YFPricesMissingError('possibly delisted; no price data found  (1d 2020-01-01 -> 2025-08-19)')]
[2025-08-19 07:33:56,623: INFO: __init__: Data Ingestion Ended Successfully]
[2025-08-19 07:33:59,808: INFO: __init__: Data Ingestion Started]
[2025-08-19 07:33:59,989: ERROR: multi: 
1 Failed download:]
[2025-08-19 07:33:59,989: ERROR: multi: ['APPL']: YFPricesMissingError('possibly delisted; no price data found  (1d 2020-01-01 -> 2025-08-19)')]
[2025-08-19 07:33:59,989: INFO: __init__: Data Ingestion Ended Successfully]
[2025-08-19 07:34:09,620: INFO: __init__: Data Ingestion Started]
[2025-08-19 07:34:09,891: INFO: __init__: Data Ingestion Ended Successfully]
[2025-08-19 07:34:09,892: INFO: __init__: Data Preprocessing Started]
[2025-08-19 07:34:09,893: INFO: __init__: Data Preprocessing Ended Successfully]
[2025-08-19 07:34:09,894: INFO: __init__: Data Presentation Begins]
[2025-08-19 07:34:09,906: INFO: __init__: Data Presentation Completed]
[2025-08-19 07:40:03,532: INFO: __init__: Data Ingestion Started]
[2025-08-19 07:40:04,648: INFO: __init__: Data Ingestion Ended Successfully]
[2025-08-19 07:40:04,648: INFO: __init__: Data Preprocessing Started]
[2025-08-19 07:40:04,648: INFO: __init__: Data Preprocessing Ended Successfully]
[2025-08-19 07:40:13,817: INFO: __init__: Data Ingestion Started]
[2025-08-19 07:40:14,082: INFO: __init__: Data Ingestion Ended Successfully]
[2025-08-19 07:40:14,083: INFO: __init__: Data Preprocessing Started]
[2025-08-19 07:40:14,084: INFO: __init__: Data Preprocessing Ended Successfully]
[2025-08-19 07:41:04,565: INFO: __init__: Data Ingestion Started]
[2025-08-19 07:41:05,885: INFO: __init__: Data Ingestion Ended Successfully]
[2025-08-19 07:41:05,885: INFO: __init__: Data Preprocessing Started]
[2025-08-19 07:41:05,885: INFO: __init__: Data Preprocessing Ended Successfully]
[2025-08-19 07:42:20,826: INFO: __init__: Data Ingestion Started]
[2025-08-19 07:42:21,163: INFO: __init__: Data Ingestion Started]
[2025-08-19 07:42:21,420: INFO: __init__: Data Ingestion Ended Successfully]
[2025-08-19 07:42:21,420: INFO: __init__: Data Preprocessing Started]
[2025-08-19 07:42:21,422: INFO: __init__: Data Preprocessing Ended Successfully]
[2025-08-19 07:42:21,492: INFO: __init__: Data Ingestion Ended Successfully]
[2025-08-19 07:42:21,492: INFO: __init__: Data Preprocessing Started]
[2025-08-19 07:42:21,497: INFO: __init__: Data Preprocessing Ended Successfully]
[2025-08-19 07:42:21,543: INFO: __init__: Data Ingestion Started]
[2025-08-19 07:42:21,630: INFO: __init__: Data Ingestion Ended Successfully]
[2025-08-19 07:42:21,631: INFO: __init__: Data Preprocessing Started]
[2025-08-19 07:42:21,632: INFO: __init__: Data Preprocessing Ended Successfully]
[2025-08-19 07:43:11,460: INFO: __init__: Data Ingestion Started]
[2025-08-19 07:43:11,715: INFO: __init__: Data Ingestion Ended Successfully]
[2025-08-19 07:43:11,715: INFO: __init__: Data Preprocessing Started]
[2025-08-19 07:43:11,717: INFO: __init__: Data Preprocessing Ended Successfully]
[2025-08-19 07:43:14,894: INFO: __init__: Data Ingestion Started]
[2025-08-19 07:43:15,164: INFO: __init__: Data Ingestion Ended Successfully]
[2025-08-19 07:43:15,165: INFO: __init__: Data Preprocessing Started]
[2025-08-19 07:43:15,167: INFO: __init__: Data Preprocessing Ended Successfully]
[2025-08-19 07:43:15,440: INFO: __init__: Data Ingestion Started]
[2025-08-19 07:43:15,806: INFO: __init__: Data Ingestion Ended Successfully]
[2025-08-19 07:43:15,808: INFO: __init__: Data Preprocessing Started]
[2025-08-19 07:43:15,810: INFO: __init__: Data Preprocessing Ended Successfully]
[2025-08-19 16:33:03,791: INFO: __init__: Data Ingestion Started]
[2025-08-19 16:33:09,936: INFO: __init__: Data Ingestion Ended Successfully]
[2025-08-19 16:33:09,936: INFO: __init__: Data Preprocessing Started]
[2025-08-19 16:33:09,936: INFO: __init__: Data Preprocessing Ended Successfully]
[2025-08-19 16:34:01,235: INFO: __init__: Data Ingestion Started]
[2025-08-19 16:34:01,476: INFO: __init__: Data Ingestion Ended Successfully]
[2025-08-19 16:34:01,476: INFO: __init__: Data Preprocessing Started]
[2025-08-19 16:34:01,482: INFO: __init__: Data Preprocessing Ended Successfully]
